{"D:\\workspace\\2017-07-31-FEsummary\\exercise2\\lib\\add.js":{"path":"D:\\workspace\\2017-07-31-FEsummary\\exercise2\\lib\\add.js","s":{"1":1,"2":2,"3":2,"4":2,"5":2,"6":2,"7":2,"8":2,"9":2,"10":2,"11":2,"12":23,"13":23,"14":4,"15":1,"16":4,"17":4,"18":19,"19":19,"20":2,"21":1,"22":2,"23":1},"b":{"1":[23,0],"2":[23,0],"3":[4,19],"4":[1,3],"5":[1,1]},"f":{"1":2},"fnMap":{"1":{"name":"add","line":1,"loc":{"start":{"line":1,"column":0},"end":{"line":1,"column":19}}}},"statementMap":{"1":{"start":{"line":1,"column":0},"end":{"line":47,"column":1}},"2":{"start":{"line":6,"column":4},"end":{"line":6,"column":33}},"3":{"start":{"line":7,"column":4},"end":{"line":7,"column":33}},"4":{"start":{"line":8,"column":4},"end":{"line":8,"column":60}},"5":{"start":{"line":10,"column":4},"end":{"line":10,"column":38}},"6":{"start":{"line":11,"column":4},"end":{"line":11,"column":38}},"7":{"start":{"line":14,"column":4},"end":{"line":14,"column":24}},"8":{"start":{"line":16,"column":4},"end":{"line":16,"column":23}},"9":{"start":{"line":18,"column":4},"end":{"line":18,"column":21}},"10":{"start":{"line":20,"column":4},"end":{"line":20,"column":20}},"11":{"start":{"line":21,"column":4},"end":{"line":40,"column":5}},"12":{"start":{"line":23,"column":9},"end":{"line":23,"column":90}},"13":{"start":{"line":25,"column":9},"end":{"line":39,"column":10}},"14":{"start":{"line":27,"column":13},"end":{"line":30,"column":14}},"15":{"start":{"line":29,"column":17},"end":{"line":29,"column":32}},"16":{"start":{"line":32,"column":13},"end":{"line":32,"column":29}},"17":{"start":{"line":34,"column":13},"end":{"line":34,"column":43}},"18":{"start":{"line":37,"column":11},"end":{"line":37,"column":37}},"19":{"start":{"line":38,"column":11},"end":{"line":38,"column":27}},"20":{"start":{"line":42,"column":4},"end":{"line":44,"column":5}},"21":{"start":{"line":43,"column":7},"end":{"line":43,"column":52}},"22":{"start":{"line":46,"column":4},"end":{"line":46,"column":38}},"23":{"start":{"line":51,"column":0},"end":{"line":51,"column":20}}},"branchMap":{"1":{"line":23,"type":"binary-expr","locations":[{"start":{"line":23,"column":26},"end":{"line":23,"column":39}},{"start":{"line":23,"column":43},"end":{"line":23,"column":44}}]},"2":{"line":23,"type":"binary-expr","locations":[{"start":{"line":23,"column":55},"end":{"line":23,"column":68}},{"start":{"line":23,"column":72},"end":{"line":23,"column":73}}]},"3":{"line":25,"type":"if","locations":[{"start":{"line":25,"column":9},"end":{"line":25,"column":9}},{"start":{"line":25,"column":9},"end":{"line":25,"column":9}}]},"4":{"line":27,"type":"if","locations":[{"start":{"line":27,"column":13},"end":{"line":27,"column":13}},{"start":{"line":27,"column":13},"end":{"line":27,"column":13}}]},"5":{"line":42,"type":"if","locations":[{"start":{"line":42,"column":4},"end":{"line":42,"column":4}},{"start":{"line":42,"column":4},"end":{"line":42,"column":4}}]}}}}